c:\student temporary folder\baselandscapeproject\proj.win32\debug.win32\baselandscapeproject.lib
c:\student temporary folder\baselandscapeproject\proj.win32\debug.win32\baselandscapeproject.exp
c:\student temporary folder\baselandscapeproject\proj.win32\baselandscapeproject.cab
c:\student temporary folder\baselandscapeproject\proj.win32\debug.win32\vc120.pdb
c:\student temporary folder\baselandscapeproject\proj.win32\debug.win32\vc120.idb
c:\student temporary folder\baselandscapeproject\proj.win32\debug.win32\game.obj
c:\student temporary folder\baselandscapeproject\proj.win32\debug.win32\baselandscapeproject.ilk
c:\student temporary folder\baselandscapeproject\proj.win32\debug.win32\baselandscapeproject.exe
c:\student temporary folder\baselandscapeproject\proj.win32\debug.win32\baselandscapeproject.pdb
c:\student temporary folder\baselandscapeproject\proj.win32\debug.win32\game.res
c:\student temporary folder\baselandscapeproject\proj.win32\debug.win32\appdelegate.obj
c:\student temporary folder\baselandscapeproject\proj.win32\debug.win32\credits.obj
c:\student temporary folder\baselandscapeproject\proj.win32\debug.win32\enemy.obj
c:\student temporary folder\baselandscapeproject\proj.win32\debug.win32\helloworldscene.obj
c:\student temporary folder\baselandscapeproject\proj.win32\debug.win32\main.obj
c:\student temporary folder\baselandscapeproject\proj.win32\debug.win32\player.obj
c:\student temporary folder\baselandscapeproject\proj.win32\debug.win32\baseland.76a39bb2.tlog\baselandscapeproject.write.1u.tlog
c:\student temporary folder\baselandscapeproject\proj.win32\debug.win32\baseland.76a39bb2.tlog\cl.command.1.tlog
c:\student temporary folder\baselandscapeproject\proj.win32\debug.win32\baseland.76a39bb2.tlog\cl.read.1.tlog
c:\student temporary folder\baselandscapeproject\proj.win32\debug.win32\baseland.76a39bb2.tlog\cl.write.1.tlog
c:\student temporary folder\baselandscapeproject\proj.win32\debug.win32\baseland.76a39bb2.tlog\link.command.1.tlog
c:\student temporary folder\baselandscapeproject\proj.win32\debug.win32\baseland.76a39bb2.tlog\link.read.1.tlog
c:\student temporary folder\baselandscapeproject\proj.win32\debug.win32\baseland.76a39bb2.tlog\link.write.1.tlog
c:\student temporary folder\baselandscapeproject\proj.win32\debug.win32\baseland.76a39bb2.tlog\rc.command.1.tlog
c:\student temporary folder\baselandscapeproject\proj.win32\debug.win32\baseland.76a39bb2.tlog\rc.read.1.tlog
c:\student temporary folder\baselandscapeproject\proj.win32\debug.win32\baseland.76a39bb2.tlog\rc.write.1.tlog
